<?xml version="1.0" encoding="UTF-8"?>
<!-- Generated by org.testng.reporters.JUnitXMLReporter -->
<testsuite hostname="SAIKAT" ignored="0" name="test1" tests="2" failures="0" timestamp="03 Nov 2018 06:46:10 GMT" time="57.715" errors="0">
  <testcase name="@AfterMethod logOut" time="0.484" classname="com.actitime.genericlib.baseClass">
    <failure type="org.openqa.selenium.WebDriverException" message="Element is not clickable at point (1309, 7). Other element would receive the click: &amp;lt;img style=&amp;quot;display: block;&amp;quot; src=&amp;quot;/img/default/dialogs/exitconfirm/shade.png?hash=1388610907&amp;quot; id=&amp;quot;muar&amp;quot;&amp;gt;
Command duration or timeout: 312 milliseconds
Build info: version: &amp;apos;2.53.1&amp;apos;, revision: &amp;apos;a36b8b1&amp;apos;, time: &amp;apos;2016-06-30 17:32:46&amp;apos;
System info: host: &amp;apos;SAIKAT&amp;apos;, ip: &amp;apos;192.168.0.12&amp;apos;, os.name: &amp;apos;Windows 10&amp;apos;, os.arch: &amp;apos;amd64&amp;apos;, os.version: &amp;apos;10.0&amp;apos;, java.version: &amp;apos;1.8.0_181&amp;apos;
Driver info: org.openqa.selenium.firefox.FirefoxDriver
Capabilities [{applicationCacheEnabled=true, rotatable=false, handlesAlerts=true, databaseEnabled=true, version=46.0.1, platform=WINDOWS, nativeEvents=false, acceptSslCerts=true, webStorageEnabled=true, locationContextEnabled=true, browserName=firefox, takesScreenshot=true, javascriptEnabled=true, cssSelectorsEnabled=true}]
Session ID: 74a8daf1-e844-4dff-a3f8-c7e8685d0d1f">
      <![CDATA[org.openqa.selenium.WebDriverException: Element is not clickable at point (1309, 7). Other element would receive the click: <img style="display: block;" src="/img/default/dialogs/exitconfirm/shade.png?hash=1388610907" id="muar">
Command duration or timeout: 312 milliseconds
Build info: version: '2.53.1', revision: 'a36b8b1', time: '2016-06-30 17:32:46'
System info: host: 'SAIKAT', ip: '192.168.0.12', os.name: 'Windows 10', os.arch: 'amd64', os.version: '10.0', java.version: '1.8.0_181'
Driver info: org.openqa.selenium.firefox.FirefoxDriver
Capabilities [{applicationCacheEnabled=true, rotatable=false, handlesAlerts=true, databaseEnabled=true, version=46.0.1, platform=WINDOWS, nativeEvents=false, acceptSslCerts=true, webStorageEnabled=true, locationContextEnabled=true, browserName=firefox, takesScreenshot=true, javascriptEnabled=true, cssSelectorsEnabled=true}]
Session ID: 74a8daf1-e844-4dff-a3f8-c7e8685d0d1f
at org.openqa.selenium.remote.ErrorHandler.createThrowable(ErrorHandler.java:206)
at org.openqa.selenium.remote.ErrorHandler.throwIfResponseFailed(ErrorHandler.java:158)
at org.openqa.selenium.remote.RemoteWebDriver.execute(RemoteWebDriver.java:678)
at org.openqa.selenium.remote.RemoteWebElement.execute(RemoteWebElement.java:327)
at org.openqa.selenium.remote.RemoteWebElement.click(RemoteWebElement.java:85)
at com.actitime.genericlib.baseClass.logOut(baseClass.java:44)
at java.util.concurrent.FutureTask.run(Unknown Source)
at java.util.concurrent.ThreadPoolExecutor.runWorker(Unknown Source)
at java.util.concurrent.ThreadPoolExecutor$Worker.run(Unknown Source)
at java.lang.Thread.run(Unknown Source)
... Removed 23 stack frames]]>
    </failure>
  </testcase> <!-- @AfterMethod logOut -->
  <testcase name="@BeforeMethod logIn" time="0.0" classname="com.actitime.genericlib.baseClass">
    <skipped/>
  </testcase> <!-- @BeforeMethod logIn -->
  <testcase name="@AfterMethod logOut" time="0.0" classname="com.actitime.genericlib.baseClass">
    <skipped/>
  </testcase> <!-- @AfterMethod logOut -->
  <testcase name="@AfterClass closeBroser" time="0.0" classname="com.actitime.genericlib.baseClass">
    <skipped/>
  </testcase> <!-- @AfterClass closeBroser -->
  <testcase name="createCustomer" time="11.664" classname="com.actitime.test2.createCustomer"/>
  <testcase name="createCustomer2" time="11.44" classname="com.actitime.test2.createCustomer"/>
</testsuite> <!-- test1 -->
